
ROM used: 121 (1%)
          121 (1%) including unused fragments

          0 Average locations per line
          6 Average locations per statement

RAM used: 8 (2%) at main() level
          9 (2%) worst case

Stack used: 1 worst case (out of 8 total available)

Lines Stmts  %   Files
----- ----- ---  -----
   35    20 100  main.c
  313     0   0  ..\..\..\..\..\..\Program Files (x86)\PICC\devices\16F877A.h
----- -----
  348    20 Total

Page ROM  %  RAM   Vol Diff  Functions:
---- --- --- ---   --- ----  ----------
0     21  17   1             @delay_ms1
0     96  79   2   547  3.8  main

Program metrics:
    Functions               1
    Statements              20
    Comments                75
    Volume (V)              550
    Difficilty (D)          3.7
    Effort to implement (E) 2053
    Time to implement (T)   2 minutes
    Est Delivered Bugs (B)  0
    Cyclomatic Complexity   3
    Maintainability (MI)    127

 Segment     Used  Free
-----------  ----  ----
00000-00003     4  0  
00004-007FF   117  1927  
00800-00FFF     0  2048  
01000-017FF     0  2048  
01800-01FFF     0  2048  



