
ROM used: 339 (4%)
          339 (4%) including unused fragments

          1 Average locations per line
          4 Average locations per statement

RAM used: 7 (2%) at main() level
          17 (5%) worst case

Stack used: 3 worst case (out of 8 total available)

Lines Stmts  %   Files
----- ----- ---  -----
   29    15  19  main.c
  313     0   0  ..\..\..\..\..\..\Program Files (x86)\PICC\devices\16F877A.H
  180    63  81  ..\..\..\..\..\..\Program Files (x86)\PICC\drivers\lcd.c
----- -----
  522    78 Total

Page ROM  %  RAM   Vol Diff  Functions:
---- --- --- ---   --- ----  ----------
0     20   6   1             @delay_ms1
0      8   2   0   240  2.2  @const55
 Inline        3   463  4.3  lcd_read_byte
0     15   4   1   134  2.2  lcd_send_nibble
0     60  18   3   317  4.3  lcd_send_byte
0     44  13   2   422  4.7  lcd_init
 Inline        4   186  5.5  lcd_gotoxy
0     53  16   1   272  4.1  lcd_putc
0     99  29   1   367  2.3  MAIN
0      9   3   0             @const83
0     16   5   0             @const85
0     11   3   0             @const87

Program metrics:
    Functions               8
    Statements              78
    Comments                126
    Volume (V)              3761
    Difficilty (D)          28.9
    Effort to implement (E) 108696
    Time to implement (T)   1 hours, 41 minutes
    Est Delivered Bugs (B)  1
    Cyclomatic Complexity   7
    Maintainability (MI)    95

 Segment     Used  Free
-----------  ----  ----
00000-00003     4  0  
00004-007FF   335  1709  
00800-00FFF     0  2048  
01000-017FF     0  2048  
01800-01FFF     0  2048  



