
ROM used: 75 (7%)
          75 (7%) including unused fragments

          1 Average locations per line
          8 Average locations per statement

RAM used: 6 (9%) at main() level
          7 (10%) worst case

Stack used: 1 worst case (out of 8 total available)

Lines Stmts  %   Files
----- ----- ---  -----
   18    10 100  main.c
  116     0   0  ..\..\..\..\Program Files (x86)\PICC\devices\16f84.h
----- -----
  134    10 Total

Page ROM  %  RAM   Vol Diff  Functions:
---- --- --- ---   --- ----  ----------
0     19  25   1             @delay_ms1
0     52  69   1   172  1.8  main

Program metrics:
    Functions               1
    Statements              10
    Comments                37
    Volume (V)              174
    Difficilty (D)          1.7
    Effort to implement (E) 296
    Time to implement (T)   0 minutes
    Est Delivered Bugs (B)  0
    Cyclomatic Complexity   1
    Maintainability (MI)    107

 Segment     Used  Free
-----------  ----  ----
00000-00003     4  0  
00004-003FF    71  949  



